2016-02-16 22:42:30,286 [main] INFO  org.mule.module.launcher.application.DefaultMuleApplication - 
++++++++++++++++++++++++++++++++++++++++++++++++++++++++++++
+ Initializing app 'apstart'                               +
++++++++++++++++++++++++++++++++++++++++++++++++++++++++++++
2016-02-16 22:42:30,441 [main] INFO  org.mule.lifecycle.AbstractLifecycleManager - Initialising RegistryBroker
2016-02-16 22:42:30,516 [main] INFO  org.mule.module.extension.internal.manager.DefaultExtensionManager - Starting discovery of extensions
2016-02-16 22:42:30,608 [main] INFO  org.mule.module.extension.internal.manager.DefaultExtensionManager - Discovered 1 extensions
2016-02-16 22:42:30,609 [main] INFO  org.mule.module.extension.internal.manager.DefaultExtensionManager - Registering extension validation (version 3.7)
2016-02-16 22:42:30,647 [main] INFO  org.mule.config.spring.MuleArtifactContext - Refreshing org.mule.config.spring.MuleArtifactContext@6622fc65: startup date [Tue Feb 16 22:42:30 GMT 2016]; root of context hierarchy
2016-02-16 22:42:31,584 [main] INFO  org.mule.config.spring.processors.NoDevkitInjectorProcessor - JSR-330 'javax.inject.Inject' annotation found and supported for autowiring
2016-02-16 22:42:32,166 [main] WARN  org.mule.module.ognl.expression.OgnlExpressionEvaluator - OGNL module is deprecated and will be removed in Mule 4.0. Use MEL expressions instead.
2016-02-16 22:42:32,584 [main] INFO  org.mule.lifecycle.AbstractLifecycleManager - Initialising model: _muleSystemModel
2016-02-16 22:42:32,587 [main] INFO  org.mule.construct.FlowConstructLifecycleManager - Initialising flow: apstartFlow
2016-02-16 22:42:32,587 [main] INFO  org.mule.exception.DefaultMessagingExceptionStrategy - Initialising exception listener: org.mule.exception.DefaultMessagingExceptionStrategy@4d41ba0f
2016-02-16 22:42:32,609 [main] INFO  org.mule.processor.SedaStageLifecycleManager - Initialising service: apstartFlow.stage1
2016-02-16 22:42:32,625 [main] INFO  org.mule.util.journal.TransactionJournal - Using files for tx logs C:\Users\Terry\AnypointStudio\workspace\.mule\.\.mule\apstart\queue-tx-log\tx1.log and C:\Users\Terry\AnypointStudio\workspace\.mule\.\.mule\apstart\queue-tx-log\tx2.log
2016-02-16 22:42:32,632 [main] INFO  org.mule.util.journal.TransactionJournal - Using files for tx logs C:\Users\Terry\AnypointStudio\workspace\.mule\.\.mule\apstart\queue-xa-tx-log\tx1.log and C:\Users\Terry\AnypointStudio\workspace\.mule\.\.mule\apstart\queue-xa-tx-log\tx2.log
2016-02-16 22:42:32,811 [main] INFO  org.mule.config.spring.SpringXmlConfigurationBuilder - Configured Mule using "org.mule.config.spring.SpringXmlConfigurationBuilder" with configuration resource(s): "[ConfigResource{resourceName='C:\Users\Terry\AnypointStudio\workspace\.mule\apps\apstart\apstart.xml'}]"
2016-02-16 22:42:32,812 [main] INFO  org.mule.config.builders.AutoConfigurationBuilder - Configured Mule using "org.mule.config.builders.AutoConfigurationBuilder" with configuration resource(s): "[ConfigResource{resourceName='C:\Users\Terry\AnypointStudio\workspace\.mule\apps\apstart\apstart.xml'}]"
2016-02-16 22:42:32,813 [main] INFO  org.mule.module.launcher.application.DefaultMuleApplication - 
++++++++++++++++++++++++++++++++++++++++++++++++++++++++++++
+ Starting app 'apstart'                                   +
++++++++++++++++++++++++++++++++++++++++++++++++++++++++++++
2016-02-16 22:42:32,814 [main] INFO  org.mule.util.queue.QueueXaResourceManager - Starting ResourceManager
2016-02-16 22:42:32,814 [main] INFO  org.mule.util.queue.QueueXaResourceManager - Started ResourceManager
2016-02-16 22:42:32,858 [main] INFO  org.mule.module.http.internal.listener.DefaultHttpListenerConfig - Listening for requests on http://localhost:8082
2016-02-16 22:42:32,860 [main] INFO  org.mule.modules.oauth2.provider.agents.DefaultSplashScreenAgent - 
++++++++++++++++++++++++++++++++++++++++++++++++++++++++++++++++++++++++++++++++
+ DevKit Extensions (0) used in this application 
                             +
++++++++++++++++++++++++++++++++++++++++++++++++++++++++++++++++++++++++++++++++
2016-02-16 22:42:32,862 [main] INFO  org.mule.lifecycle.AbstractLifecycleManager - Starting model: _muleSystemModel
2016-02-16 22:42:32,863 [main] INFO  org.mule.construct.FlowConstructLifecycleManager - Starting flow: apstartFlow
2016-02-16 22:42:32,864 [main] INFO  org.mule.processor.SedaStageLifecycleManager - Starting service: apstartFlow.stage1
2016-02-16 22:42:32,893 [main] INFO  org.mule.module.management.agent.WrapperManagerAgent - This JVM hasn't been launched by the wrapper, the agent will not run.
2016-02-16 22:42:37,425 [main] INFO  org.mule.DefaultMuleContext - 
**********************************************************************
* Application: apstart                                               *
* OS encoding: \, Mule encoding: UTF-8                               *
*                                                                    *
* Agents Running:                                                    *
*   DevKit Extension Information                                     *
*   JMX Agent                                                        *
*   Batch module default engine                                      *
*   Wrapper Manager                                                  *
**********************************************************************
2016-02-16 22:42:40,438 [[apstart].HTTP_Listener_Configuration.worker.01] INFO  org.mule.api.processor.LoggerMessageProcessor - 
org.mule.DefaultMuleMessage
{
  id=95c3ffa0-d4fe-11e5-9f89-0a0027000000
  payload=java.lang.String
  correlationId=<not set>
  correlationGroup=-1
  correlationSeq=-1
  encoding=UTF-8
  exceptionPayload=<not set>

Message properties:
  INVOCATION scoped properties:
  INBOUND scoped properties:
    accept=text/html,application/xhtml+xml,application/xml;q=0.9,*/*;q=0.8
    accept-encoding=gzip, deflate
    accept-language=en-US,en;q=0.5
    connection=keep-alive
    host=localhost:8082
    http.listener.path=/sfdc
    http.method=GET
    http.query.params=ParameterMap{[]}
    http.query.string=
    http.relative.path=/sfdc
    http.remote.address=/127.0.0.1:5308
    http.request.path=/sfdc
    http.request.uri=/sfdc
    http.scheme=http
    http.uri.params=ParameterMap{[]}
    http.version=HTTP/1.1
    user-agent=Mozilla/5.0 (Windows NT 10.0; WOW64; rv:44.0) Gecko/20100101 Firefox/44.0
  OUTBOUND scoped properties:
  SESSION scoped properties:
}
2016-02-16 22:42:40,506 [[apstart].HTTP_Listener_Configuration.worker.01] INFO  org.mule.module.http.internal.listener.HttpListenerRegistry - No listener found for request: (GET)/favicon.ico
2016-02-16 22:42:40,506 [[apstart].HTTP_Listener_Configuration.worker.01] INFO  org.mule.module.http.internal.listener.HttpListenerRegistry - Available listeners are: [([get])/sfdc/]
2016-02-16 22:42:40,511 [[apstart].HTTP_Listener_Configuration.worker.01] INFO  org.mule.module.http.internal.listener.HttpListenerRegistry - No listener found for request: (GET)/favicon.ico
2016-02-16 22:42:40,512 [[apstart].HTTP_Listener_Configuration.worker.01] INFO  org.mule.module.http.internal.listener.HttpListenerRegistry - Available listeners are: [([get])/sfdc/]
2016-02-16 22:43:00,323 [main] INFO  org.mule.module.launcher.application.DefaultMuleApplication - 
++++++++++++++++++++++++++++++++++++++++++++++++++++++++++++
+ Initializing app 'apstart'                               +
++++++++++++++++++++++++++++++++++++++++++++++++++++++++++++
2016-02-16 22:43:00,480 [main] INFO  org.mule.lifecycle.AbstractLifecycleManager - Initialising RegistryBroker
2016-02-16 22:43:00,555 [main] INFO  org.mule.module.extension.internal.manager.DefaultExtensionManager - Starting discovery of extensions
2016-02-16 22:43:00,646 [main] INFO  org.mule.module.extension.internal.manager.DefaultExtensionManager - Discovered 1 extensions
2016-02-16 22:43:00,646 [main] INFO  org.mule.module.extension.internal.manager.DefaultExtensionManager - Registering extension validation (version 3.7)
2016-02-16 22:43:00,686 [main] INFO  org.mule.config.spring.MuleArtifactContext - Refreshing org.mule.config.spring.MuleArtifactContext@6622fc65: startup date [Tue Feb 16 22:43:00 GMT 2016]; root of context hierarchy
2016-02-16 22:43:01,598 [main] INFO  org.mule.config.spring.processors.NoDevkitInjectorProcessor - JSR-330 'javax.inject.Inject' annotation found and supported for autowiring
2016-02-16 22:43:02,197 [main] WARN  org.mule.module.ognl.expression.OgnlExpressionEvaluator - OGNL module is deprecated and will be removed in Mule 4.0. Use MEL expressions instead.
2016-02-16 22:43:02,618 [main] INFO  org.mule.lifecycle.AbstractLifecycleManager - Initialising model: _muleSystemModel
2016-02-16 22:43:02,621 [main] INFO  org.mule.construct.FlowConstructLifecycleManager - Initialising flow: apstartFlow
2016-02-16 22:43:02,621 [main] INFO  org.mule.exception.DefaultMessagingExceptionStrategy - Initialising exception listener: org.mule.exception.DefaultMessagingExceptionStrategy@4d41ba0f
2016-02-16 22:43:02,643 [main] INFO  org.mule.processor.SedaStageLifecycleManager - Initialising service: apstartFlow.stage1
2016-02-16 22:43:02,658 [main] INFO  org.mule.util.journal.TransactionJournal - Using files for tx logs C:\Users\Terry\AnypointStudio\workspace\.mule\.\.mule\apstart\queue-tx-log\tx1.log and C:\Users\Terry\AnypointStudio\workspace\.mule\.\.mule\apstart\queue-tx-log\tx2.log
2016-02-16 22:43:02,664 [main] INFO  org.mule.util.journal.TransactionJournal - Using files for tx logs C:\Users\Terry\AnypointStudio\workspace\.mule\.\.mule\apstart\queue-xa-tx-log\tx1.log and C:\Users\Terry\AnypointStudio\workspace\.mule\.\.mule\apstart\queue-xa-tx-log\tx2.log
2016-02-16 22:43:02,836 [main] INFO  org.mule.config.spring.SpringXmlConfigurationBuilder - Configured Mule using "org.mule.config.spring.SpringXmlConfigurationBuilder" with configuration resource(s): "[ConfigResource{resourceName='C:\Users\Terry\AnypointStudio\workspace\.mule\apps\apstart\apstart.xml'}]"
2016-02-16 22:43:02,837 [main] INFO  org.mule.config.builders.AutoConfigurationBuilder - Configured Mule using "org.mule.config.builders.AutoConfigurationBuilder" with configuration resource(s): "[ConfigResource{resourceName='C:\Users\Terry\AnypointStudio\workspace\.mule\apps\apstart\apstart.xml'}]"
2016-02-16 22:43:02,837 [main] INFO  org.mule.module.launcher.application.DefaultMuleApplication - 
++++++++++++++++++++++++++++++++++++++++++++++++++++++++++++
+ Starting app 'apstart'                                   +
++++++++++++++++++++++++++++++++++++++++++++++++++++++++++++
2016-02-16 22:43:02,839 [main] INFO  org.mule.util.queue.QueueXaResourceManager - Starting ResourceManager
2016-02-16 22:43:02,839 [main] INFO  org.mule.util.queue.QueueXaResourceManager - Started ResourceManager
2016-02-16 22:43:02,876 [main] INFO  org.mule.module.http.internal.listener.DefaultHttpListenerConfig - Listening for requests on http://0.0.0.0:8081
2016-02-16 22:43:02,878 [main] INFO  org.mule.modules.oauth2.provider.agents.DefaultSplashScreenAgent - 
++++++++++++++++++++++++++++++++++++++++++++++++++++++++++++++++++++++++++++++++
+ DevKit Extensions (0) used in this application 
                             +
++++++++++++++++++++++++++++++++++++++++++++++++++++++++++++++++++++++++++++++++
2016-02-16 22:43:02,880 [main] INFO  org.mule.lifecycle.AbstractLifecycleManager - Starting model: _muleSystemModel
2016-02-16 22:43:02,881 [main] INFO  org.mule.construct.FlowConstructLifecycleManager - Starting flow: apstartFlow
2016-02-16 22:43:02,882 [main] INFO  org.mule.processor.SedaStageLifecycleManager - Starting service: apstartFlow.stage1
2016-02-16 22:43:02,915 [main] INFO  org.mule.module.management.agent.WrapperManagerAgent - This JVM hasn't been launched by the wrapper, the agent will not run.
2016-02-16 22:43:07,474 [main] INFO  org.mule.DefaultMuleContext - 
**********************************************************************
* Application: apstart                                               *
* OS encoding: \, Mule encoding: UTF-8                               *
*                                                                    *
* Agents Running:                                                    *
*   DevKit Extension Information                                     *
*   JMX Agent                                                        *
*   Batch module default engine                                      *
*   Wrapper Manager                                                  *
**********************************************************************
2016-02-16 22:43:22,195 [[apstart].HTTP_Listener_Configuration.worker.01] INFO  org.mule.api.processor.LoggerMessageProcessor - 
org.mule.DefaultMuleMessage
{
  id=aea811a0-d4fe-11e5-b47c-0a0027000000
  payload=java.lang.String
  correlationId=<not set>
  correlationGroup=-1
  correlationSeq=-1
  encoding=UTF-8
  exceptionPayload=<not set>

Message properties:
  INVOCATION scoped properties:
  INBOUND scoped properties:
    accept=text/html,application/xhtml+xml,application/xml;q=0.9,*/*;q=0.8
    accept-encoding=gzip, deflate
    accept-language=en-US,en;q=0.5
    connection=keep-alive
    host=localhost:8081
    http.listener.path=/sfdc
    http.method=GET
    http.query.params=ParameterMap{[]}
    http.query.string=
    http.relative.path=/sfdc
    http.remote.address=/127.0.0.1:5351
    http.request.path=/sfdc
    http.request.uri=/sfdc
    http.scheme=http
    http.uri.params=ParameterMap{[]}
    http.version=HTTP/1.1
    user-agent=Mozilla/5.0 (Windows NT 10.0; WOW64; rv:44.0) Gecko/20100101 Firefox/44.0
  OUTBOUND scoped properties:
  SESSION scoped properties:
}
2016-02-16 22:43:22,262 [[apstart].HTTP_Listener_Configuration.worker.01] INFO  org.mule.module.http.internal.listener.HttpListenerRegistry - No listener found for request: (GET)/favicon.ico
2016-02-16 22:43:22,263 [[apstart].HTTP_Listener_Configuration.worker.01] INFO  org.mule.module.http.internal.listener.HttpListenerRegistry - Available listeners are: [([get])/sfdc/]
2016-02-16 22:43:22,268 [[apstart].HTTP_Listener_Configuration.worker.01] INFO  org.mule.module.http.internal.listener.HttpListenerRegistry - No listener found for request: (GET)/favicon.ico
2016-02-16 22:43:22,269 [[apstart].HTTP_Listener_Configuration.worker.01] INFO  org.mule.module.http.internal.listener.HttpListenerRegistry - Available listeners are: [([get])/sfdc/]
2016-02-16 22:43:39,110 [[apstart].HTTP_Listener_Configuration.worker.01] INFO  org.mule.api.processor.LoggerMessageProcessor - 
org.mule.DefaultMuleMessage
{
  id=b8c09a40-d4fe-11e5-b47c-0a0027000000
  payload=java.lang.String
  correlationId=<not set>
  correlationGroup=-1
  correlationSeq=-1
  encoding=UTF-8
  exceptionPayload=<not set>

Message properties:
  INVOCATION scoped properties:
  INBOUND scoped properties:
    accept=*/*
    accept-encoding=gzip, deflate, sdch
    accept-language=en-US,en;q=0.8
    cache-control=no-cache
    connection=keep-alive
    host=localhost:8081
    http.listener.path=/sfdc
    http.method=GET
    http.query.params=ParameterMap{[]}
    http.query.string=
    http.relative.path=/sfdc
    http.remote.address=/127.0.0.1:5362
    http.request.path=/sfdc
    http.request.uri=/sfdc
    http.scheme=http
    http.uri.params=ParameterMap{[]}
    http.version=HTTP/1.1
    postman-token=95229b86-d236-fc66-7a77-10f2acdfa0e4
    user-agent=Mozilla/5.0 (Windows NT 10.0; WOW64) AppleWebKit/537.36 (KHTML, like Gecko) Chrome/48.0.2564.109 Safari/537.36
  OUTBOUND scoped properties:
  SESSION scoped properties:
}
2016-02-16 22:46:07,342 [main] INFO  org.mule.module.launcher.application.DefaultMuleApplication - 
++++++++++++++++++++++++++++++++++++++++++++++++++++++++++++
+ Initializing app 'apstart'                               +
++++++++++++++++++++++++++++++++++++++++++++++++++++++++++++
2016-02-16 22:46:07,521 [main] INFO  org.mule.lifecycle.AbstractLifecycleManager - Initialising RegistryBroker
2016-02-16 22:46:07,619 [main] INFO  org.mule.module.extension.internal.manager.DefaultExtensionManager - Starting discovery of extensions
2016-02-16 22:46:07,742 [main] INFO  org.mule.module.extension.internal.manager.DefaultExtensionManager - Discovered 1 extensions
2016-02-16 22:46:07,742 [main] INFO  org.mule.module.extension.internal.manager.DefaultExtensionManager - Registering extension validation (version 3.7)
2016-02-16 22:46:07,790 [main] INFO  org.mule.config.spring.MuleArtifactContext - Refreshing org.mule.config.spring.MuleArtifactContext@5d58c727: startup date [Tue Feb 16 22:46:07 GMT 2016]; root of context hierarchy
2016-02-16 22:46:08,892 [main] INFO  org.mule.config.spring.processors.NoDevkitInjectorProcessor - JSR-330 'javax.inject.Inject' annotation found and supported for autowiring
2016-02-16 22:46:09,738 [main] WARN  org.mule.module.ognl.expression.OgnlExpressionEvaluator - OGNL module is deprecated and will be removed in Mule 4.0. Use MEL expressions instead.
2016-02-16 22:46:10,293 [main] INFO  org.mule.lifecycle.AbstractLifecycleManager - Initialising model: _muleSystemModel
2016-02-16 22:46:10,297 [main] INFO  org.mule.construct.FlowConstructLifecycleManager - Initialising flow: apstartFlow
2016-02-16 22:46:10,297 [main] INFO  org.mule.exception.DefaultMessagingExceptionStrategy - Initialising exception listener: org.mule.exception.DefaultMessagingExceptionStrategy@16cb9989
2016-02-16 22:46:10,324 [main] INFO  org.mule.processor.SedaStageLifecycleManager - Initialising service: apstartFlow.stage1
2016-02-16 22:46:10,344 [main] INFO  org.mule.util.journal.TransactionJournal - Using files for tx logs C:\Users\Terry\AnypointStudio\workspace\.mule\.\.mule\apstart\queue-tx-log\tx1.log and C:\Users\Terry\AnypointStudio\workspace\.mule\.\.mule\apstart\queue-tx-log\tx2.log
2016-02-16 22:46:10,351 [main] INFO  org.mule.util.journal.TransactionJournal - Using files for tx logs C:\Users\Terry\AnypointStudio\workspace\.mule\.\.mule\apstart\queue-xa-tx-log\tx1.log and C:\Users\Terry\AnypointStudio\workspace\.mule\.\.mule\apstart\queue-xa-tx-log\tx2.log
2016-02-16 22:46:10,574 [main] INFO  org.mule.config.spring.SpringXmlConfigurationBuilder - Configured Mule using "org.mule.config.spring.SpringXmlConfigurationBuilder" with configuration resource(s): "[ConfigResource{resourceName='C:\Users\Terry\AnypointStudio\workspace\.mule\apps\apstart\apstart.xml'}]"
2016-02-16 22:46:10,575 [main] INFO  org.mule.config.builders.AutoConfigurationBuilder - Configured Mule using "org.mule.config.builders.AutoConfigurationBuilder" with configuration resource(s): "[ConfigResource{resourceName='C:\Users\Terry\AnypointStudio\workspace\.mule\apps\apstart\apstart.xml'}]"
2016-02-16 22:46:10,576 [main] INFO  org.mule.module.launcher.application.DefaultMuleApplication - 
++++++++++++++++++++++++++++++++++++++++++++++++++++++++++++
+ Starting app 'apstart'                                   +
++++++++++++++++++++++++++++++++++++++++++++++++++++++++++++
2016-02-16 22:46:10,577 [main] INFO  org.mule.util.queue.QueueXaResourceManager - Starting ResourceManager
2016-02-16 22:46:10,577 [main] INFO  org.mule.util.queue.QueueXaResourceManager - Started ResourceManager
2016-02-16 22:46:10,629 [main] INFO  org.mule.module.http.internal.listener.DefaultHttpListenerConfig - Listening for requests on http://0.0.0.0:8081
2016-02-16 22:46:10,631 [main] INFO  org.mule.modules.oauth2.provider.agents.DefaultSplashScreenAgent - 
++++++++++++++++++++++++++++++++++++++++++++++++++++++++++++++++++++++++++++++++
+ DevKit Extensions (0) used in this application 
                             +
++++++++++++++++++++++++++++++++++++++++++++++++++++++++++++++++++++++++++++++++
2016-02-16 22:46:10,633 [main] INFO  org.mule.lifecycle.AbstractLifecycleManager - Starting model: _muleSystemModel
2016-02-16 22:46:10,635 [main] INFO  org.mule.construct.FlowConstructLifecycleManager - Starting flow: apstartFlow
2016-02-16 22:46:10,635 [main] INFO  org.mule.processor.SedaStageLifecycleManager - Starting service: apstartFlow.stage1
2016-02-16 22:46:10,687 [main] INFO  org.mule.module.management.agent.WrapperManagerAgent - This JVM hasn't been launched by the wrapper, the agent will not run.
2016-02-16 22:46:15,232 [main] INFO  org.mule.DefaultMuleContext - 
**********************************************************************
* Application: apstart                                               *
* OS encoding: \, Mule encoding: UTF-8                               *
*                                                                    *
* Agents Running:                                                    *
*   DevKit Extension Information                                     *
*   JMX Agent                                                        *
*   Batch module default engine                                      *
*   Wrapper Manager                                                  *
**********************************************************************
2016-02-16 22:47:52,321 [[apstart].HTTP_Listener_Configuration.worker.01] INFO  org.mule.api.processor.LoggerMessageProcessor - Query Paramaters are ParameterMap{[name=[terry], type=[mule]]}
2016-02-16 22:59:33,388 [main] INFO  org.mule.module.launcher.application.DefaultMuleApplication - 
++++++++++++++++++++++++++++++++++++++++++++++++++++++++++++
+ Initializing app 'apstart'                               +
++++++++++++++++++++++++++++++++++++++++++++++++++++++++++++
2016-02-16 22:59:33,550 [main] INFO  org.mule.lifecycle.AbstractLifecycleManager - Initialising RegistryBroker
2016-02-16 22:59:33,630 [main] INFO  org.mule.module.extension.internal.manager.DefaultExtensionManager - Starting discovery of extensions
2016-02-16 22:59:33,723 [main] INFO  org.mule.module.extension.internal.manager.DefaultExtensionManager - Discovered 1 extensions
2016-02-16 22:59:33,724 [main] INFO  org.mule.module.extension.internal.manager.DefaultExtensionManager - Registering extension validation (version 3.7)
2016-02-16 22:59:33,764 [main] INFO  org.mule.config.spring.MuleArtifactContext - Refreshing org.mule.config.spring.MuleArtifactContext@6622fc65: startup date [Tue Feb 16 22:59:33 GMT 2016]; root of context hierarchy
2016-02-16 22:59:34,725 [main] INFO  org.mule.config.spring.processors.NoDevkitInjectorProcessor - JSR-330 'javax.inject.Inject' annotation found and supported for autowiring
2016-02-16 22:59:35,356 [main] WARN  org.mule.module.ognl.expression.OgnlExpressionEvaluator - OGNL module is deprecated and will be removed in Mule 4.0. Use MEL expressions instead.
2016-02-16 22:59:35,764 [main] INFO  org.mule.lifecycle.AbstractLifecycleManager - Initialising model: _muleSystemModel
2016-02-16 22:59:35,767 [main] INFO  org.mule.construct.FlowConstructLifecycleManager - Initialising flow: apstartFlow
2016-02-16 22:59:35,768 [main] INFO  org.mule.exception.DefaultMessagingExceptionStrategy - Initialising exception listener: org.mule.exception.DefaultMessagingExceptionStrategy@3c3a0032
2016-02-16 22:59:35,791 [main] INFO  org.mule.processor.SedaStageLifecycleManager - Initialising service: apstartFlow.stage1
2016-02-16 22:59:35,808 [main] INFO  org.mule.util.journal.TransactionJournal - Using files for tx logs C:\Users\Terry\AnypointStudio\workspace\.mule\.\.mule\apstart\queue-tx-log\tx1.log and C:\Users\Terry\AnypointStudio\workspace\.mule\.\.mule\apstart\queue-tx-log\tx2.log
2016-02-16 22:59:35,815 [main] INFO  org.mule.util.journal.TransactionJournal - Using files for tx logs C:\Users\Terry\AnypointStudio\workspace\.mule\.\.mule\apstart\queue-xa-tx-log\tx1.log and C:\Users\Terry\AnypointStudio\workspace\.mule\.\.mule\apstart\queue-xa-tx-log\tx2.log
2016-02-16 22:59:35,986 [main] INFO  org.mule.config.spring.SpringXmlConfigurationBuilder - Configured Mule using "org.mule.config.spring.SpringXmlConfigurationBuilder" with configuration resource(s): "[ConfigResource{resourceName='C:\Users\Terry\AnypointStudio\workspace\.mule\apps\apstart\apstart.xml'}]"
2016-02-16 22:59:35,986 [main] INFO  org.mule.config.builders.AutoConfigurationBuilder - Configured Mule using "org.mule.config.builders.AutoConfigurationBuilder" with configuration resource(s): "[ConfigResource{resourceName='C:\Users\Terry\AnypointStudio\workspace\.mule\apps\apstart\apstart.xml'}]"
2016-02-16 22:59:35,987 [main] INFO  org.mule.module.launcher.application.DefaultMuleApplication - 
++++++++++++++++++++++++++++++++++++++++++++++++++++++++++++
+ Starting app 'apstart'                                   +
++++++++++++++++++++++++++++++++++++++++++++++++++++++++++++
2016-02-16 22:59:35,989 [main] INFO  org.mule.util.queue.QueueXaResourceManager - Starting ResourceManager
2016-02-16 22:59:35,989 [main] INFO  org.mule.util.queue.QueueXaResourceManager - Started ResourceManager
2016-02-16 22:59:36,026 [main] INFO  org.mule.module.http.internal.listener.DefaultHttpListenerConfig - Listening for requests on http://0.0.0.0:8081
2016-02-16 22:59:36,028 [main] INFO  org.mule.modules.oauth2.provider.agents.DefaultSplashScreenAgent - 
++++++++++++++++++++++++++++++++++++++++++++++++++++++++++++++++++++++++++++++++
+ DevKit Extensions (0) used in this application 
                             +
++++++++++++++++++++++++++++++++++++++++++++++++++++++++++++++++++++++++++++++++
2016-02-16 22:59:36,030 [main] INFO  org.mule.lifecycle.AbstractLifecycleManager - Starting model: _muleSystemModel
2016-02-16 22:59:36,032 [main] INFO  org.mule.construct.FlowConstructLifecycleManager - Starting flow: apstartFlow
2016-02-16 22:59:36,032 [main] INFO  org.mule.processor.SedaStageLifecycleManager - Starting service: apstartFlow.stage1
2016-02-16 22:59:36,065 [main] INFO  org.mule.module.management.agent.WrapperManagerAgent - This JVM hasn't been launched by the wrapper, the agent will not run.
2016-02-16 22:59:40,600 [main] INFO  org.mule.DefaultMuleContext - 
**********************************************************************
* Application: apstart                                               *
* OS encoding: \, Mule encoding: UTF-8                               *
*                                                                    *
* Agents Running:                                                    *
*   DevKit Extension Information                                     *
*   JMX Agent                                                        *
*   Batch module default engine                                      *
*   Wrapper Manager                                                  *
**********************************************************************
2016-02-16 22:59:41,637 [[apstart].HTTP_Listener_Configuration.worker.01] INFO  org.mule.api.processor.LoggerMessageProcessor - Query Paramaters are terry
2016-02-16 22:59:41,668 [[apstart].HTTP_Listener_Configuration.worker.01] ERROR org.mule.exception.DefaultMessagingExceptionStrategy - Caught exception in Exception Strategy: String index out of range: 0
java.lang.StringIndexOutOfBoundsException: String index out of range: 0
	at java.lang.String.charAt(Unknown Source) ~[?:1.8.0_73]
	at org.glassfish.grizzly.http.HttpHeader$Builder.handleSpecialHeaderAdd(HttpHeader.java:1240) ~[grizzly-http-2.3.21.jar:2.3.21]
	at org.glassfish.grizzly.http.HttpHeader$Builder.header(HttpHeader.java:1134) ~[grizzly-http-2.3.21.jar:2.3.21]
	at org.mule.module.http.internal.listener.grizzly.BaseResponseCompletionHandler.buildHttpResponsePacket(BaseResponseCompletionHandler.java:36) ~[mule-module-http-3.7.3.jar:3.7.3]
	at org.mule.module.http.internal.listener.grizzly.ResponseCompletionHandler.<init>(ResponseCompletionHandler.java:52) ~[mule-module-http-3.7.3.jar:3.7.3]
	at org.mule.module.http.internal.listener.grizzly.GrizzlyRequestDispatcherFilter$1.responseReady(GrizzlyRequestDispatcherFilter.java:96) ~[mule-module-http-3.7.3.jar:3.7.3]
	at org.mule.module.http.internal.listener.HttpMessageProcessorTemplate.sendResponseToClient(HttpMessageProcessorTemplate.java:99) ~[mule-module-http-3.7.3.jar:3.7.3]
	at org.mule.execution.AsyncResponseFlowProcessingPhase.runPhase(AsyncResponseFlowProcessingPhase.java:77) ~[mule-core-3.7.3.jar:3.7.3]
	at org.mule.execution.AsyncResponseFlowProcessingPhase.runPhase(AsyncResponseFlowProcessingPhase.java:34) ~[mule-core-3.7.3.jar:3.7.3]
	at org.mule.execution.PhaseExecutionEngine$InternalPhaseExecutionEngine.phaseSuccessfully(PhaseExecutionEngine.java:65) ~[mule-core-3.7.3.jar:3.7.3]
	at org.mule.execution.PhaseExecutionEngine$InternalPhaseExecutionEngine.phaseSuccessfully(PhaseExecutionEngine.java:69) ~[mule-core-3.7.3.jar:3.7.3]
	at com.mulesoft.mule.throttling.ThrottlingPhase.runPhase(ThrottlingPhase.java:185) ~[mule-module-throttling-ee-3.7.3.jar:3.7.3]
	at com.mulesoft.mule.throttling.ThrottlingPhase.runPhase(ThrottlingPhase.java:1) ~[mule-module-throttling-ee-3.7.3.jar:3.7.3]
	at org.mule.execution.PhaseExecutionEngine$InternalPhaseExecutionEngine.process(PhaseExecutionEngine.java:114) ~[mule-core-3.7.3.jar:3.7.3]
	at org.mule.execution.PhaseExecutionEngine.process(PhaseExecutionEngine.java:41) ~[mule-core-3.7.3.jar:3.7.3]
	at org.mule.execution.MuleMessageProcessingManager.processMessage(MuleMessageProcessingManager.java:32) ~[mule-core-3.7.3.jar:3.7.3]
	at org.mule.module.http.internal.listener.DefaultHttpListener$1.handleRequest(DefaultHttpListener.java:127) ~[mule-module-http-3.7.3.jar:3.7.3]
	at org.mule.module.http.internal.listener.grizzly.GrizzlyRequestDispatcherFilter.handleRead(GrizzlyRequestDispatcherFilter.java:83) ~[mule-module-http-3.7.3.jar:3.7.3]
	at org.glassfish.grizzly.filterchain.ExecutorResolver$9.execute(ExecutorResolver.java:119) ~[grizzly-framework-2.3.21.jar:2.3.21]
	at org.glassfish.grizzly.filterchain.DefaultFilterChain.executeFilter(DefaultFilterChain.java:283) ~[grizzly-framework-2.3.21.jar:2.3.21]
	at org.glassfish.grizzly.filterchain.DefaultFilterChain.executeChainPart(DefaultFilterChain.java:200) ~[grizzly-framework-2.3.21.jar:2.3.21]
	at org.glassfish.grizzly.filterchain.DefaultFilterChain.execute(DefaultFilterChain.java:132) ~[grizzly-framework-2.3.21.jar:2.3.21]
	at org.glassfish.grizzly.filterchain.DefaultFilterChain.process(DefaultFilterChain.java:111) ~[grizzly-framework-2.3.21.jar:2.3.21]
	at org.glassfish.grizzly.ProcessorExecutor.execute(ProcessorExecutor.java:77) ~[grizzly-framework-2.3.21.jar:2.3.21]
	at org.glassfish.grizzly.nio.transport.TCPNIOTransport.fireIOEvent(TCPNIOTransport.java:536) ~[grizzly-framework-2.3.21.jar:2.3.21]
	at org.glassfish.grizzly.strategies.AbstractIOStrategy.fireIOEvent(AbstractIOStrategy.java:112) ~[grizzly-framework-2.3.21.jar:2.3.21]
	at org.mule.module.http.internal.listener.grizzly.ExecutorPerServerAddressIOStrategy.run0(ExecutorPerServerAddressIOStrategy.java:102) ~[mule-module-http-3.7.3.jar:3.7.3]
	at org.mule.module.http.internal.listener.grizzly.ExecutorPerServerAddressIOStrategy.access$100(ExecutorPerServerAddressIOStrategy.java:30) ~[mule-module-http-3.7.3.jar:3.7.3]
	at org.mule.module.http.internal.listener.grizzly.ExecutorPerServerAddressIOStrategy$WorkerThreadRunnable.run(ExecutorPerServerAddressIOStrategy.java:125) ~[mule-module-http-3.7.3.jar:3.7.3]
	at java.util.concurrent.ThreadPoolExecutor.runWorker(Unknown Source) [?:1.8.0_73]
	at java.util.concurrent.ThreadPoolExecutor$Worker.run(Unknown Source) [?:1.8.0_73]
	at java.lang.Thread.run(Unknown Source) [?:1.8.0_73]
2016-02-16 22:59:56,528 [main] INFO  org.mule.module.launcher.application.DefaultMuleApplication - 
++++++++++++++++++++++++++++++++++++++++++++++++++++++++++++
+ Initializing app 'apstart'                               +
++++++++++++++++++++++++++++++++++++++++++++++++++++++++++++
2016-02-16 22:59:56,687 [main] INFO  org.mule.lifecycle.AbstractLifecycleManager - Initialising RegistryBroker
2016-02-16 22:59:56,766 [main] INFO  org.mule.module.extension.internal.manager.DefaultExtensionManager - Starting discovery of extensions
2016-02-16 22:59:56,856 [main] INFO  org.mule.module.extension.internal.manager.DefaultExtensionManager - Discovered 1 extensions
2016-02-16 22:59:56,856 [main] INFO  org.mule.module.extension.internal.manager.DefaultExtensionManager - Registering extension validation (version 3.7)
2016-02-16 22:59:56,895 [main] INFO  org.mule.config.spring.MuleArtifactContext - Refreshing org.mule.config.spring.MuleArtifactContext@6622fc65: startup date [Tue Feb 16 22:59:56 GMT 2016]; root of context hierarchy
2016-02-16 22:59:57,838 [main] INFO  org.mule.config.spring.processors.NoDevkitInjectorProcessor - JSR-330 'javax.inject.Inject' annotation found and supported for autowiring
2016-02-16 22:59:58,487 [main] WARN  org.mule.module.ognl.expression.OgnlExpressionEvaluator - OGNL module is deprecated and will be removed in Mule 4.0. Use MEL expressions instead.
2016-02-16 22:59:58,936 [main] INFO  org.mule.lifecycle.AbstractLifecycleManager - Initialising model: _muleSystemModel
2016-02-16 22:59:58,939 [main] INFO  org.mule.construct.FlowConstructLifecycleManager - Initialising flow: apstartFlow
2016-02-16 22:59:58,939 [main] INFO  org.mule.exception.DefaultMessagingExceptionStrategy - Initialising exception listener: org.mule.exception.DefaultMessagingExceptionStrategy@3c3a0032
2016-02-16 22:59:58,964 [main] INFO  org.mule.processor.SedaStageLifecycleManager - Initialising service: apstartFlow.stage1
2016-02-16 22:59:58,983 [main] INFO  org.mule.util.journal.TransactionJournal - Using files for tx logs C:\Users\Terry\AnypointStudio\workspace\.mule\.\.mule\apstart\queue-tx-log\tx1.log and C:\Users\Terry\AnypointStudio\workspace\.mule\.\.mule\apstart\queue-tx-log\tx2.log
2016-02-16 22:59:58,990 [main] INFO  org.mule.util.journal.TransactionJournal - Using files for tx logs C:\Users\Terry\AnypointStudio\workspace\.mule\.\.mule\apstart\queue-xa-tx-log\tx1.log and C:\Users\Terry\AnypointStudio\workspace\.mule\.\.mule\apstart\queue-xa-tx-log\tx2.log
2016-02-16 22:59:59,171 [main] INFO  org.mule.config.spring.SpringXmlConfigurationBuilder - Configured Mule using "org.mule.config.spring.SpringXmlConfigurationBuilder" with configuration resource(s): "[ConfigResource{resourceName='C:\Users\Terry\AnypointStudio\workspace\.mule\apps\apstart\apstart.xml'}]"
2016-02-16 22:59:59,172 [main] INFO  org.mule.config.builders.AutoConfigurationBuilder - Configured Mule using "org.mule.config.builders.AutoConfigurationBuilder" with configuration resource(s): "[ConfigResource{resourceName='C:\Users\Terry\AnypointStudio\workspace\.mule\apps\apstart\apstart.xml'}]"
2016-02-16 22:59:59,172 [main] INFO  org.mule.module.launcher.application.DefaultMuleApplication - 
++++++++++++++++++++++++++++++++++++++++++++++++++++++++++++
+ Starting app 'apstart'                                   +
++++++++++++++++++++++++++++++++++++++++++++++++++++++++++++
2016-02-16 22:59:59,174 [main] INFO  org.mule.util.queue.QueueXaResourceManager - Starting ResourceManager
2016-02-16 22:59:59,174 [main] INFO  org.mule.util.queue.QueueXaResourceManager - Started ResourceManager
2016-02-16 22:59:59,217 [main] INFO  org.mule.module.http.internal.listener.DefaultHttpListenerConfig - Listening for requests on http://0.0.0.0:8081
2016-02-16 22:59:59,221 [main] INFO  org.mule.modules.oauth2.provider.agents.DefaultSplashScreenAgent - 
++++++++++++++++++++++++++++++++++++++++++++++++++++++++++++++++++++++++++++++++
+ DevKit Extensions (0) used in this application 
                             +
++++++++++++++++++++++++++++++++++++++++++++++++++++++++++++++++++++++++++++++++
2016-02-16 22:59:59,223 [main] INFO  org.mule.lifecycle.AbstractLifecycleManager - Starting model: _muleSystemModel
2016-02-16 22:59:59,226 [main] INFO  org.mule.construct.FlowConstructLifecycleManager - Starting flow: apstartFlow
2016-02-16 22:59:59,226 [main] INFO  org.mule.processor.SedaStageLifecycleManager - Starting service: apstartFlow.stage1
2016-02-16 22:59:59,263 [main] INFO  org.mule.module.management.agent.WrapperManagerAgent - This JVM hasn't been launched by the wrapper, the agent will not run.
2016-02-16 23:00:03,805 [main] INFO  org.mule.DefaultMuleContext - 
**********************************************************************
* Application: apstart                                               *
* OS encoding: \, Mule encoding: UTF-8                               *
*                                                                    *
* Agents Running:                                                    *
*   DevKit Extension Information                                     *
*   JMX Agent                                                        *
*   Batch module default engine                                      *
*   Wrapper Manager                                                  *
**********************************************************************
2016-02-16 23:00:07,924 [main] INFO  org.mule.module.launcher.application.DefaultMuleApplication - 
++++++++++++++++++++++++++++++++++++++++++++++++++++++++++++
+ Initializing app 'apstart'                               +
++++++++++++++++++++++++++++++++++++++++++++++++++++++++++++
2016-02-16 23:00:08,092 [main] INFO  org.mule.lifecycle.AbstractLifecycleManager - Initialising RegistryBroker
2016-02-16 23:00:08,173 [main] INFO  org.mule.module.extension.internal.manager.DefaultExtensionManager - Starting discovery of extensions
2016-02-16 23:00:08,272 [main] INFO  org.mule.module.extension.internal.manager.DefaultExtensionManager - Discovered 1 extensions
2016-02-16 23:00:08,273 [main] INFO  org.mule.module.extension.internal.manager.DefaultExtensionManager - Registering extension validation (version 3.7)
2016-02-16 23:00:08,311 [main] INFO  org.mule.config.spring.MuleArtifactContext - Refreshing org.mule.config.spring.MuleArtifactContext@6622fc65: startup date [Tue Feb 16 23:00:08 GMT 2016]; root of context hierarchy
2016-02-16 23:00:09,202 [main] INFO  org.mule.config.spring.processors.NoDevkitInjectorProcessor - JSR-330 'javax.inject.Inject' annotation found and supported for autowiring
2016-02-16 23:00:09,763 [main] WARN  org.mule.module.ognl.expression.OgnlExpressionEvaluator - OGNL module is deprecated and will be removed in Mule 4.0. Use MEL expressions instead.
2016-02-16 23:00:10,206 [main] INFO  org.mule.lifecycle.AbstractLifecycleManager - Initialising model: _muleSystemModel
2016-02-16 23:00:10,209 [main] INFO  org.mule.construct.FlowConstructLifecycleManager - Initialising flow: apstartFlow
2016-02-16 23:00:10,209 [main] INFO  org.mule.exception.DefaultMessagingExceptionStrategy - Initialising exception listener: org.mule.exception.DefaultMessagingExceptionStrategy@4d41ba0f
2016-02-16 23:00:10,231 [main] INFO  org.mule.processor.SedaStageLifecycleManager - Initialising service: apstartFlow.stage1
2016-02-16 23:00:10,249 [main] INFO  org.mule.util.journal.TransactionJournal - Using files for tx logs C:\Users\Terry\AnypointStudio\workspace\.mule\.\.mule\apstart\queue-tx-log\tx1.log and C:\Users\Terry\AnypointStudio\workspace\.mule\.\.mule\apstart\queue-tx-log\tx2.log
2016-02-16 23:00:10,255 [main] INFO  org.mule.util.journal.TransactionJournal - Using files for tx logs C:\Users\Terry\AnypointStudio\workspace\.mule\.\.mule\apstart\queue-xa-tx-log\tx1.log and C:\Users\Terry\AnypointStudio\workspace\.mule\.\.mule\apstart\queue-xa-tx-log\tx2.log
2016-02-16 23:00:10,416 [main] INFO  org.mule.config.spring.SpringXmlConfigurationBuilder - Configured Mule using "org.mule.config.spring.SpringXmlConfigurationBuilder" with configuration resource(s): "[ConfigResource{resourceName='C:\Users\Terry\AnypointStudio\workspace\.mule\apps\apstart\apstart.xml'}]"
2016-02-16 23:00:10,416 [main] INFO  org.mule.config.builders.AutoConfigurationBuilder - Configured Mule using "org.mule.config.builders.AutoConfigurationBuilder" with configuration resource(s): "[ConfigResource{resourceName='C:\Users\Terry\AnypointStudio\workspace\.mule\apps\apstart\apstart.xml'}]"
2016-02-16 23:00:10,417 [main] INFO  org.mule.module.launcher.application.DefaultMuleApplication - 
++++++++++++++++++++++++++++++++++++++++++++++++++++++++++++
+ Starting app 'apstart'                                   +
++++++++++++++++++++++++++++++++++++++++++++++++++++++++++++
2016-02-16 23:00:10,418 [main] INFO  org.mule.util.queue.QueueXaResourceManager - Starting ResourceManager
2016-02-16 23:00:10,418 [main] INFO  org.mule.util.queue.QueueXaResourceManager - Started ResourceManager
2016-02-16 23:00:10,464 [main] INFO  org.mule.module.http.internal.listener.DefaultHttpListenerConfig - Listening for requests on http://0.0.0.0:8081
2016-02-16 23:00:10,466 [main] INFO  org.mule.modules.oauth2.provider.agents.DefaultSplashScreenAgent - 
++++++++++++++++++++++++++++++++++++++++++++++++++++++++++++++++++++++++++++++++
+ DevKit Extensions (0) used in this application 
                             +
++++++++++++++++++++++++++++++++++++++++++++++++++++++++++++++++++++++++++++++++
2016-02-16 23:00:10,468 [main] INFO  org.mule.lifecycle.AbstractLifecycleManager - Starting model: _muleSystemModel
2016-02-16 23:00:10,469 [main] INFO  org.mule.construct.FlowConstructLifecycleManager - Starting flow: apstartFlow
2016-02-16 23:00:10,469 [main] INFO  org.mule.processor.SedaStageLifecycleManager - Starting service: apstartFlow.stage1
2016-02-16 23:00:10,499 [main] INFO  org.mule.module.management.agent.WrapperManagerAgent - This JVM hasn't been launched by the wrapper, the agent will not run.
2016-02-16 23:00:15,043 [main] INFO  org.mule.DefaultMuleContext - 
**********************************************************************
* Application: apstart                                               *
* OS encoding: \, Mule encoding: UTF-8                               *
*                                                                    *
* Agents Running:                                                    *
*   DevKit Extension Information                                     *
*   JMX Agent                                                        *
*   Batch module default engine                                      *
*   Wrapper Manager                                                  *
**********************************************************************
2016-02-16 23:00:18,498 [[apstart].HTTP_Listener_Configuration.worker.01] INFO  org.mule.api.processor.LoggerMessageProcessor - Query Paramaters are terry
2016-02-16 23:02:46,022 [main] INFO  org.mule.module.launcher.application.DefaultMuleApplication - 
++++++++++++++++++++++++++++++++++++++++++++++++++++++++++++
+ Initializing app 'apstart'                               +
++++++++++++++++++++++++++++++++++++++++++++++++++++++++++++
2016-02-16 23:02:46,192 [main] INFO  org.mule.lifecycle.AbstractLifecycleManager - Initialising RegistryBroker
2016-02-16 23:02:46,279 [main] INFO  org.mule.module.extension.internal.manager.DefaultExtensionManager - Starting discovery of extensions
2016-02-16 23:02:46,374 [main] INFO  org.mule.module.extension.internal.manager.DefaultExtensionManager - Discovered 1 extensions
2016-02-16 23:02:46,374 [main] INFO  org.mule.module.extension.internal.manager.DefaultExtensionManager - Registering extension validation (version 3.7)
2016-02-16 23:02:46,414 [main] INFO  org.mule.config.spring.MuleArtifactContext - Refreshing org.mule.config.spring.MuleArtifactContext@6622fc65: startup date [Tue Feb 16 23:02:46 GMT 2016]; root of context hierarchy
2016-02-16 23:02:47,395 [main] INFO  org.mule.config.spring.processors.NoDevkitInjectorProcessor - JSR-330 'javax.inject.Inject' annotation found and supported for autowiring
2016-02-16 23:02:48,009 [main] WARN  org.mule.module.ognl.expression.OgnlExpressionEvaluator - OGNL module is deprecated and will be removed in Mule 4.0. Use MEL expressions instead.
2016-02-16 23:02:48,414 [main] INFO  org.mule.lifecycle.AbstractLifecycleManager - Initialising model: _muleSystemModel
2016-02-16 23:02:48,417 [main] INFO  org.mule.construct.FlowConstructLifecycleManager - Initialising flow: apstartFlow
2016-02-16 23:02:48,418 [main] INFO  org.mule.exception.DefaultMessagingExceptionStrategy - Initialising exception listener: org.mule.exception.DefaultMessagingExceptionStrategy@3c3a0032
2016-02-16 23:02:48,442 [main] INFO  org.mule.processor.SedaStageLifecycleManager - Initialising service: apstartFlow.stage1
2016-02-16 23:02:48,461 [main] INFO  org.mule.util.journal.TransactionJournal - Using files for tx logs C:\Users\Terry\AnypointStudio\workspace\.mule\.\.mule\apstart\queue-tx-log\tx1.log and C:\Users\Terry\AnypointStudio\workspace\.mule\.\.mule\apstart\queue-tx-log\tx2.log
2016-02-16 23:02:48,468 [main] INFO  org.mule.util.journal.TransactionJournal - Using files for tx logs C:\Users\Terry\AnypointStudio\workspace\.mule\.\.mule\apstart\queue-xa-tx-log\tx1.log and C:\Users\Terry\AnypointStudio\workspace\.mule\.\.mule\apstart\queue-xa-tx-log\tx2.log
2016-02-16 23:02:48,646 [main] INFO  org.mule.config.spring.SpringXmlConfigurationBuilder - Configured Mule using "org.mule.config.spring.SpringXmlConfigurationBuilder" with configuration resource(s): "[ConfigResource{resourceName='C:\Users\Terry\AnypointStudio\workspace\.mule\apps\apstart\apstart.xml'}]"
2016-02-16 23:02:48,646 [main] INFO  org.mule.config.builders.AutoConfigurationBuilder - Configured Mule using "org.mule.config.builders.AutoConfigurationBuilder" with configuration resource(s): "[ConfigResource{resourceName='C:\Users\Terry\AnypointStudio\workspace\.mule\apps\apstart\apstart.xml'}]"
2016-02-16 23:02:48,647 [main] INFO  org.mule.module.launcher.application.DefaultMuleApplication - 
++++++++++++++++++++++++++++++++++++++++++++++++++++++++++++
+ Starting app 'apstart'                                   +
++++++++++++++++++++++++++++++++++++++++++++++++++++++++++++
2016-02-16 23:02:48,648 [main] INFO  org.mule.util.queue.QueueXaResourceManager - Starting ResourceManager
2016-02-16 23:02:48,648 [main] INFO  org.mule.util.queue.QueueXaResourceManager - Started ResourceManager
2016-02-16 23:02:48,686 [main] INFO  org.mule.module.http.internal.listener.DefaultHttpListenerConfig - Listening for requests on http://0.0.0.0:8081
2016-02-16 23:02:48,688 [main] INFO  org.mule.modules.oauth2.provider.agents.DefaultSplashScreenAgent - 
++++++++++++++++++++++++++++++++++++++++++++++++++++++++++++++++++++++++++++++++
+ DevKit Extensions (0) used in this application 
                             +
++++++++++++++++++++++++++++++++++++++++++++++++++++++++++++++++++++++++++++++++
2016-02-16 23:02:48,690 [main] INFO  org.mule.lifecycle.AbstractLifecycleManager - Starting model: _muleSystemModel
2016-02-16 23:02:48,691 [main] INFO  org.mule.construct.FlowConstructLifecycleManager - Starting flow: apstartFlow
2016-02-16 23:02:48,691 [main] INFO  org.mule.processor.SedaStageLifecycleManager - Starting service: apstartFlow.stage1
2016-02-16 23:02:48,723 [main] INFO  org.mule.module.management.agent.WrapperManagerAgent - This JVM hasn't been launched by the wrapper, the agent will not run.
2016-02-16 23:02:53,260 [main] INFO  org.mule.DefaultMuleContext - 
**********************************************************************
* Application: apstart                                               *
* OS encoding: \, Mule encoding: UTF-8                               *
*                                                                    *
* Agents Running:                                                    *
*   DevKit Extension Information                                     *
*   JMX Agent                                                        *
*   Batch module default engine                                      *
*   Wrapper Manager                                                  *
**********************************************************************
2016-02-16 23:03:00,719 [[apstart].HTTP_Listener_Configuration.worker.01] INFO  org.mule.api.processor.LoggerMessageProcessor - terry
2016-02-16 23:08:49,980 [main] INFO  org.mule.module.launcher.application.DefaultMuleApplication - 
++++++++++++++++++++++++++++++++++++++++++++++++++++++++++++
+ Initializing app 'apstart'                               +
++++++++++++++++++++++++++++++++++++++++++++++++++++++++++++
2016-02-16 23:08:50,142 [main] INFO  org.mule.lifecycle.AbstractLifecycleManager - Initialising RegistryBroker
2016-02-16 23:08:50,221 [main] INFO  org.mule.module.extension.internal.manager.DefaultExtensionManager - Starting discovery of extensions
2016-02-16 23:08:50,314 [main] INFO  org.mule.module.extension.internal.manager.DefaultExtensionManager - Discovered 1 extensions
2016-02-16 23:08:50,314 [main] INFO  org.mule.module.extension.internal.manager.DefaultExtensionManager - Registering extension validation (version 3.7)
2016-02-16 23:08:50,354 [main] INFO  org.mule.config.spring.MuleArtifactContext - Refreshing org.mule.config.spring.MuleArtifactContext@6622fc65: startup date [Tue Feb 16 23:08:50 GMT 2016]; root of context hierarchy
2016-02-16 23:08:51,327 [main] INFO  org.mule.config.spring.processors.NoDevkitInjectorProcessor - JSR-330 'javax.inject.Inject' annotation found and supported for autowiring
2016-02-16 23:08:52,014 [main] WARN  org.mule.module.ognl.expression.OgnlExpressionEvaluator - OGNL module is deprecated and will be removed in Mule 4.0. Use MEL expressions instead.
2016-02-16 23:08:52,419 [main] INFO  org.mule.lifecycle.AbstractLifecycleManager - Initialising model: _muleSystemModel
2016-02-16 23:08:52,422 [main] INFO  org.mule.construct.FlowConstructLifecycleManager - Initialising flow: apstartFlow
2016-02-16 23:08:52,423 [main] INFO  org.mule.exception.DefaultMessagingExceptionStrategy - Initialising exception listener: org.mule.exception.DefaultMessagingExceptionStrategy@7fdab70c
2016-02-16 23:08:52,447 [main] INFO  org.mule.processor.SedaStageLifecycleManager - Initialising service: apstartFlow.stage1
2016-02-16 23:08:52,463 [main] INFO  org.mule.util.journal.TransactionJournal - Using files for tx logs C:\Users\Terry\AnypointStudio\workspace\.mule\.\.mule\apstart\queue-tx-log\tx1.log and C:\Users\Terry\AnypointStudio\workspace\.mule\.\.mule\apstart\queue-tx-log\tx2.log
2016-02-16 23:08:52,469 [main] INFO  org.mule.util.journal.TransactionJournal - Using files for tx logs C:\Users\Terry\AnypointStudio\workspace\.mule\.\.mule\apstart\queue-xa-tx-log\tx1.log and C:\Users\Terry\AnypointStudio\workspace\.mule\.\.mule\apstart\queue-xa-tx-log\tx2.log
2016-02-16 23:08:52,643 [main] INFO  org.mule.config.spring.SpringXmlConfigurationBuilder - Configured Mule using "org.mule.config.spring.SpringXmlConfigurationBuilder" with configuration resource(s): "[ConfigResource{resourceName='C:\Users\Terry\AnypointStudio\workspace\.mule\apps\apstart\apstart.xml'}]"
2016-02-16 23:08:52,643 [main] INFO  org.mule.config.builders.AutoConfigurationBuilder - Configured Mule using "org.mule.config.builders.AutoConfigurationBuilder" with configuration resource(s): "[ConfigResource{resourceName='C:\Users\Terry\AnypointStudio\workspace\.mule\apps\apstart\apstart.xml'}]"
2016-02-16 23:08:52,644 [main] INFO  org.mule.module.launcher.application.DefaultMuleApplication - 
++++++++++++++++++++++++++++++++++++++++++++++++++++++++++++
+ Starting app 'apstart'                                   +
++++++++++++++++++++++++++++++++++++++++++++++++++++++++++++
2016-02-16 23:08:52,646 [main] INFO  org.mule.util.queue.QueueXaResourceManager - Starting ResourceManager
2016-02-16 23:08:52,646 [main] INFO  org.mule.util.queue.QueueXaResourceManager - Started ResourceManager
2016-02-16 23:08:52,684 [main] INFO  org.mule.module.http.internal.listener.DefaultHttpListenerConfig - Listening for requests on http://0.0.0.0:8081
2016-02-16 23:08:52,686 [main] INFO  org.mule.modules.oauth2.provider.agents.DefaultSplashScreenAgent - 
++++++++++++++++++++++++++++++++++++++++++++++++++++++++++++++++++++++++++++++++
+ DevKit Extensions (0) used in this application 
                             +
++++++++++++++++++++++++++++++++++++++++++++++++++++++++++++++++++++++++++++++++
2016-02-16 23:08:52,688 [main] INFO  org.mule.lifecycle.AbstractLifecycleManager - Starting model: _muleSystemModel
2016-02-16 23:08:52,689 [main] INFO  org.mule.construct.FlowConstructLifecycleManager - Starting flow: apstartFlow
2016-02-16 23:08:52,689 [main] INFO  org.mule.processor.SedaStageLifecycleManager - Starting service: apstartFlow.stage1
2016-02-16 23:08:52,721 [main] INFO  org.mule.module.management.agent.WrapperManagerAgent - This JVM hasn't been launched by the wrapper, the agent will not run.
2016-02-16 23:08:57,250 [main] INFO  org.mule.DefaultMuleContext - 
**********************************************************************
* Application: apstart                                               *
* OS encoding: \, Mule encoding: UTF-8                               *
*                                                                    *
* Agents Running:                                                    *
*   DevKit Extension Information                                     *
*   JMX Agent                                                        *
*   Batch module default engine                                      *
*   Wrapper Manager                                                  *
**********************************************************************
2016-02-16 23:09:03,779 [[apstart].HTTP_Listener_Configuration.worker.01] INFO  org.mule.api.processor.LoggerMessageProcessor - Name: terry Type: mule 
2016-02-16 23:10:57,811 [main] INFO  org.mule.module.launcher.application.DefaultMuleApplication - 
++++++++++++++++++++++++++++++++++++++++++++++++++++++++++++
+ Initializing app 'apstart'                               +
++++++++++++++++++++++++++++++++++++++++++++++++++++++++++++
2016-02-16 23:10:57,985 [main] INFO  org.mule.lifecycle.AbstractLifecycleManager - Initialising RegistryBroker
2016-02-16 23:10:58,088 [main] INFO  org.mule.module.extension.internal.manager.DefaultExtensionManager - Starting discovery of extensions
2016-02-16 23:10:58,183 [main] INFO  org.mule.module.extension.internal.manager.DefaultExtensionManager - Discovered 1 extensions
2016-02-16 23:10:58,183 [main] INFO  org.mule.module.extension.internal.manager.DefaultExtensionManager - Registering extension validation (version 3.7)
2016-02-16 23:10:58,236 [main] INFO  org.mule.config.spring.MuleArtifactContext - Refreshing org.mule.config.spring.MuleArtifactContext@5d58c727: startup date [Tue Feb 16 23:10:58 GMT 2016]; root of context hierarchy
2016-02-16 23:10:59,337 [main] INFO  org.mule.config.spring.processors.NoDevkitInjectorProcessor - JSR-330 'javax.inject.Inject' annotation found and supported for autowiring
2016-02-16 23:11:00,187 [main] WARN  org.mule.module.ognl.expression.OgnlExpressionEvaluator - OGNL module is deprecated and will be removed in Mule 4.0. Use MEL expressions instead.
2016-02-16 23:11:00,703 [main] INFO  org.mule.lifecycle.AbstractLifecycleManager - Initialising model: _muleSystemModel
2016-02-16 23:11:00,706 [main] INFO  org.mule.construct.FlowConstructLifecycleManager - Initialising flow: apstartFlow
2016-02-16 23:11:00,706 [main] INFO  org.mule.exception.DefaultMessagingExceptionStrategy - Initialising exception listener: org.mule.exception.DefaultMessagingExceptionStrategy@71936a92
2016-02-16 23:11:00,732 [main] INFO  org.mule.processor.SedaStageLifecycleManager - Initialising service: apstartFlow.stage1
2016-02-16 23:11:00,752 [main] INFO  org.mule.util.journal.TransactionJournal - Using files for tx logs C:\Users\Terry\AnypointStudio\workspace\.mule\.\.mule\apstart\queue-tx-log\tx1.log and C:\Users\Terry\AnypointStudio\workspace\.mule\.\.mule\apstart\queue-tx-log\tx2.log
2016-02-16 23:11:00,759 [main] INFO  org.mule.util.journal.TransactionJournal - Using files for tx logs C:\Users\Terry\AnypointStudio\workspace\.mule\.\.mule\apstart\queue-xa-tx-log\tx1.log and C:\Users\Terry\AnypointStudio\workspace\.mule\.\.mule\apstart\queue-xa-tx-log\tx2.log
2016-02-16 23:11:00,983 [main] INFO  org.mule.config.spring.SpringXmlConfigurationBuilder - Configured Mule using "org.mule.config.spring.SpringXmlConfigurationBuilder" with configuration resource(s): "[ConfigResource{resourceName='C:\Users\Terry\AnypointStudio\workspace\.mule\apps\apstart\apstart.xml'}]"
2016-02-16 23:11:00,983 [main] INFO  org.mule.config.builders.AutoConfigurationBuilder - Configured Mule using "org.mule.config.builders.AutoConfigurationBuilder" with configuration resource(s): "[ConfigResource{resourceName='C:\Users\Terry\AnypointStudio\workspace\.mule\apps\apstart\apstart.xml'}]"
2016-02-16 23:11:00,984 [main] INFO  org.mule.module.launcher.application.DefaultMuleApplication - 
++++++++++++++++++++++++++++++++++++++++++++++++++++++++++++
+ Starting app 'apstart'                                   +
++++++++++++++++++++++++++++++++++++++++++++++++++++++++++++
2016-02-16 23:11:00,986 [main] INFO  org.mule.util.queue.QueueXaResourceManager - Starting ResourceManager
2016-02-16 23:11:00,986 [main] INFO  org.mule.util.queue.QueueXaResourceManager - Started ResourceManager
2016-02-16 23:11:01,035 [main] INFO  org.mule.module.http.internal.listener.DefaultHttpListenerConfig - Listening for requests on http://0.0.0.0:8081
2016-02-16 23:11:01,038 [main] INFO  org.mule.modules.oauth2.provider.agents.DefaultSplashScreenAgent - 
++++++++++++++++++++++++++++++++++++++++++++++++++++++++++++++++++++++++++++++++
+ DevKit Extensions (0) used in this application 
                             +
++++++++++++++++++++++++++++++++++++++++++++++++++++++++++++++++++++++++++++++++
2016-02-16 23:11:01,040 [main] INFO  org.mule.lifecycle.AbstractLifecycleManager - Starting model: _muleSystemModel
2016-02-16 23:11:01,042 [main] INFO  org.mule.construct.FlowConstructLifecycleManager - Starting flow: apstartFlow
2016-02-16 23:11:01,043 [main] INFO  org.mule.processor.SedaStageLifecycleManager - Starting service: apstartFlow.stage1
2016-02-16 23:11:01,091 [main] INFO  org.mule.module.management.agent.WrapperManagerAgent - This JVM hasn't been launched by the wrapper, the agent will not run.
2016-02-16 23:11:05,632 [main] INFO  org.mule.DefaultMuleContext - 
**********************************************************************
* Application: apstart                                               *
* OS encoding: \, Mule encoding: UTF-8                               *
*                                                                    *
* Agents Running:                                                    *
*   DevKit Extension Information                                     *
*   JMX Agent                                                        *
*   Batch module default engine                                      *
*   Wrapper Manager                                                  *
**********************************************************************
2016-02-16 23:11:49,798 [[apstart].HTTP_Listener_Configuration.worker.01] INFO  org.mule.api.processor.LoggerMessageProcessor - Name: terry Type: mule 
